\BOOKMARK [0][]{chapter.1}{1 Einleitung}{}% 1
\BOOKMARK [0][]{chapter.2}{2 Grundlagen}{}% 2
\BOOKMARK [1][-]{section.2.1}{2.1 Virtuelle Maschine/Destop PC}{chapter.2}% 3
\BOOKMARK [2][-]{subsection.2.1.1}{2.1.1 Ubuntu}{section.2.1}% 4
\BOOKMARK [2][-]{subsection.2.1.2}{2.1.2 VMWare Workstation Player}{section.2.1}% 5
\BOOKMARK [2][-]{subsection.2.1.3}{2.1.3 VirtualBox}{section.2.1}% 6
\BOOKMARK [1][-]{section.2.2}{2.2 Quadrocopter}{chapter.2}% 7
\BOOKMARK [2][-]{subsection.2.2.1}{2.2.1 Raspberry Pi B+}{section.2.2}% 8
\BOOKMARK [2][-]{subsection.2.2.2}{2.2.2 Peripherie}{section.2.2}% 9
\BOOKMARK [1][-]{section.2.3}{2.3 IDE}{chapter.2}% 10
\BOOKMARK [2][-]{subsection.2.3.1}{2.3.1 Compiler, Linker und Loader}{section.2.3}% 11
\BOOKMARK [2][-]{subsection.2.3.2}{2.3.2 GNU Debugger GDB}{section.2.3}% 12
\BOOKMARK [2][-]{subsection.2.3.3}{2.3.3 Makefile}{section.2.3}% 13
\BOOKMARK [2][-]{subsection.2.3.4}{2.3.4 Host Programme}{section.2.3}% 14
\BOOKMARK [2][-]{subsection.2.3.5}{2.3.5 Raspberry Pi Programme}{section.2.3}% 15
\BOOKMARK [2][-]{subsection.2.3.6}{2.3.6 Beispiel Code}{section.2.3}% 16
\BOOKMARK [1][-]{section.2.4}{2.4 Git}{chapter.2}% 17
\BOOKMARK [1][-]{section.2.5}{2.5 Bekannte Probleme}{chapter.2}% 18
\BOOKMARK [2][-]{subsection.2.5.1}{2.5.1 Udp Socket Programm mit Windows 10 und VMware}{section.2.5}% 19
\BOOKMARK [0][]{chapter.3}{3 Realisierung}{}% 20
\BOOKMARK [1][-]{section.3.1}{3.1 Inbetriebnahme der Hardware}{chapter.3}% 21
\BOOKMARK [1][-]{section.3.2}{3.2 Debuggen der Programme}{chapter.3}% 22
\BOOKMARK [1][-]{section.3.3}{3.3 Umstellung auf eine automatische dynamische Testumgebung}{chapter.3}% 23
\BOOKMARK [1][-]{section.3.4}{3.4 Valedierung der empfangenen Werte}{chapter.3}% 24
\BOOKMARK [1][-]{section.3.5}{3.5 Software Motortreiber}{chapter.3}% 25
\BOOKMARK [2][-]{subsection.3.5.1}{3.5.1 Verwendung des Software-Treibers}{section.3.5}% 26
\BOOKMARK [2][-]{subsection.3.5.2}{3.5.2 Headerfile}{section.3.5}% 27
\BOOKMARK [2][-]{subsection.3.5.3}{3.5.3 Funktionen}{section.3.5}% 28
\BOOKMARK [2][-]{subsection.3.5.4}{3.5.4 Testf\357\277\275lle}{section.3.5}% 29
\BOOKMARK [1][-]{section.3.6}{3.6 Help Functions}{chapter.3}% 30
\BOOKMARK [1][-]{section.3.7}{3.7 Remotecontroller-Treiber}{chapter.3}% 31
\BOOKMARK [1][-]{section.3.8}{3.8 Hardware Layout}{chapter.3}% 32
\BOOKMARK [2][-]{subsection.3.8.1}{3.8.1 HElicopter Schematic Layout}{section.3.8}% 33
\BOOKMARK [2][-]{subsection.3.8.2}{3.8.2 HElicopter Libary}{section.3.8}% 34
\BOOKMARK [0][]{chapter.4}{4 Ausblick}{}% 35
\BOOKMARK [0][]{appendix.A}{A Code}{}% 36
\BOOKMARK [1][-]{section.A.1}{A.1 Script 'testcase'}{appendix.A}% 37
\BOOKMARK [0][]{appendix*.53}{Literaturverzeichnis}{}% 38
